<?xml version="1.0" encoding="UTF-8"?>
<testsuite name="com.kotlinspring.controller.CourseControllerIntgTest" tests="1" skipped="0" failures="0" errors="0" timestamp="2022-05-02T06:50:00" hostname="Yihe-2.hitronhub.home" time="5.458">
  <properties/>
  <testcase name="addCourse()" classname="com.kotlinspring.controller.CourseControllerIntgTest" time="5.458"/>
  <system-out><![CDATA[23:49:41.699 [Test worker] DEBUG org.springframework.test.context.BootstrapUtils - Instantiating CacheAwareContextLoaderDelegate from class [org.springframework.test.context.cache.DefaultCacheAwareContextLoaderDelegate]
23:49:41.776 [Test worker] DEBUG org.springframework.test.context.BootstrapUtils - Instantiating BootstrapContext using constructor [public org.springframework.test.context.support.DefaultBootstrapContext(java.lang.Class,org.springframework.test.context.CacheAwareContextLoaderDelegate)]
23:49:41.913 [Test worker] DEBUG org.springframework.test.context.BootstrapUtils - Instantiating TestContextBootstrapper for test class [com.kotlinspring.controller.CourseControllerIntgTest] from class [org.springframework.boot.test.context.SpringBootTestContextBootstrapper]
23:49:41.988 [Test worker] INFO org.springframework.boot.test.context.SpringBootTestContextBootstrapper - Neither @ContextConfiguration nor @ContextHierarchy found for test class [com.kotlinspring.controller.CourseControllerIntgTest], using SpringBootContextLoader
23:49:42.015 [Test worker] DEBUG org.springframework.test.context.support.AbstractContextLoader - Did not detect default resource location for test class [com.kotlinspring.controller.CourseControllerIntgTest]: class path resource [com/kotlinspring/controller/CourseControllerIntgTest-context.xml] does not exist
23:49:42.017 [Test worker] DEBUG org.springframework.test.context.support.AbstractContextLoader - Did not detect default resource location for test class [com.kotlinspring.controller.CourseControllerIntgTest]: class path resource [com/kotlinspring/controller/CourseControllerIntgTestContext.groovy] does not exist
23:49:42.017 [Test worker] INFO org.springframework.test.context.support.AbstractContextLoader - Could not detect default resource locations for test class [com.kotlinspring.controller.CourseControllerIntgTest]: no resource found for suffixes {-context.xml, Context.groovy}.
23:49:42.020 [Test worker] INFO org.springframework.test.context.support.AnnotationConfigContextLoaderUtils - Could not detect default configuration classes for test class [com.kotlinspring.controller.CourseControllerIntgTest]: CourseControllerIntgTest does not declare any static, non-private, non-final, nested classes annotated with @Configuration.
23:49:42.686 [Test worker] DEBUG org.springframework.context.annotation.ClassPathScanningCandidateComponentProvider - Identified candidate component class: file [/Users/Luke/Documents/GitHub/course-catalog-service/build/classes/kotlin/main/com/kotlinspring/CourseCatalogServiceApplication.class]
23:49:42.691 [Test worker] INFO org.springframework.boot.test.context.SpringBootTestContextBootstrapper - Found @SpringBootConfiguration com.kotlinspring.CourseCatalogServiceApplication for test class com.kotlinspring.controller.CourseControllerIntgTest
23:49:43.126 [Test worker] DEBUG org.springframework.boot.test.context.SpringBootTestContextBootstrapper - @TestExecutionListeners is not present for class [com.kotlinspring.controller.CourseControllerIntgTest]: using defaults.
23:49:43.127 [Test worker] INFO org.springframework.boot.test.context.SpringBootTestContextBootstrapper - Loaded default TestExecutionListener class names from location [META-INF/spring.factories]: [com.ninjasquad.springmockk.MockkTestExecutionListener, com.ninjasquad.springmockk.ClearMocksTestExecutionListener, org.springframework.boot.test.autoconfigure.restdocs.RestDocsTestExecutionListener, org.springframework.boot.test.autoconfigure.web.client.MockRestServiceServerResetTestExecutionListener, org.springframework.boot.test.autoconfigure.web.servlet.MockMvcPrintOnlyOnFailureTestExecutionListener, org.springframework.boot.test.autoconfigure.web.servlet.WebDriverTestExecutionListener, org.springframework.boot.test.autoconfigure.webservices.client.MockWebServiceServerTestExecutionListener, org.springframework.boot.test.mock.mockito.MockitoTestExecutionListener, org.springframework.boot.test.mock.mockito.ResetMocksTestExecutionListener, org.springframework.test.context.web.ServletTestExecutionListener, org.springframework.test.context.support.DirtiesContextBeforeModesTestExecutionListener, org.springframework.test.context.event.ApplicationEventsTestExecutionListener, org.springframework.test.context.support.DependencyInjectionTestExecutionListener, org.springframework.test.context.support.DirtiesContextTestExecutionListener, org.springframework.test.context.transaction.TransactionalTestExecutionListener, org.springframework.test.context.jdbc.SqlScriptsTestExecutionListener, org.springframework.test.context.event.EventPublishingTestExecutionListener]
23:49:43.613 [Test worker] INFO org.springframework.boot.test.context.SpringBootTestContextBootstrapper - Using TestExecutionListeners: [org.springframework.test.context.web.ServletTestExecutionListener@7428de63, org.springframework.test.context.support.DirtiesContextBeforeModesTestExecutionListener@66f659e6, org.springframework.test.context.event.ApplicationEventsTestExecutionListener@4a68135e, com.ninjasquad.springmockk.MockkTestExecutionListener@46678e49, org.springframework.boot.test.mock.mockito.MockitoTestExecutionListener@748e9b20, org.springframework.boot.test.autoconfigure.SpringBootDependencyInjectionTestExecutionListener@2063c53e, org.springframework.test.context.support.DirtiesContextTestExecutionListener@2a9bc08f, org.springframework.test.context.transaction.TransactionalTestExecutionListener@50f40653, org.springframework.test.context.jdbc.SqlScriptsTestExecutionListener@50a3d0f6, org.springframework.test.context.event.EventPublishingTestExecutionListener@6e57b5e9, com.ninjasquad.springmockk.ClearMocksTestExecutionListener@1abc9f14, org.springframework.boot.test.autoconfigure.restdocs.RestDocsTestExecutionListener@6a0ac48e, org.springframework.boot.test.autoconfigure.web.client.MockRestServiceServerResetTestExecutionListener@24e08d59, org.springframework.boot.test.autoconfigure.web.servlet.MockMvcPrintOnlyOnFailureTestExecutionListener@77cb9cd1, org.springframework.boot.test.autoconfigure.web.servlet.WebDriverTestExecutionListener@971e903, org.springframework.boot.test.autoconfigure.webservices.client.MockWebServiceServerTestExecutionListener@35636217, org.springframework.boot.test.mock.mockito.ResetMocksTestExecutionListener@1549bba7]
23:49:43.630 [Test worker] DEBUG org.springframework.test.context.support.AbstractDirtiesContextTestExecutionListener - Before test class: context [DefaultTestContext@44de94c3 testClass = CourseControllerIntgTest, testInstance = [null], testMethod = [null], testException = [null], mergedContextConfiguration = [WebMergedContextConfiguration@256aa5f2 testClass = CourseControllerIntgTest, locations = '{}', classes = '{class com.kotlinspring.CourseCatalogServiceApplication}', contextInitializerClasses = '[]', activeProfiles = '{test}', propertySourceLocations = '{}', propertySourceProperties = '{org.springframework.boot.test.context.SpringBootTestContextBootstrapper=true, server.port=0}', contextCustomizers = set[MockkContextCustomizer(definitions=[]), org.springframework.boot.test.autoconfigure.actuate.metrics.MetricsExportContextCustomizerFactory$DisableMetricExportContextCustomizer@5adb0db3, org.springframework.boot.test.autoconfigure.properties.PropertyMappingContextCustomizer@ec54a5c9, org.springframework.boot.test.autoconfigure.web.servlet.WebDriverContextCustomizerFactory$Customizer@79c7532f, [ImportsContextCustomizer@6411d3c8 key = [org.springframework.boot.autoconfigure.security.oauth2.client.reactive.ReactiveOAuth2ClientAutoConfiguration, org.springframework.boot.autoconfigure.security.oauth2.resource.reactive.ReactiveOAuth2ResourceServerAutoConfiguration, org.springframework.boot.autoconfigure.security.reactive.ReactiveSecurityAutoConfiguration, org.springframework.boot.autoconfigure.security.reactive.ReactiveUserDetailsServiceAutoConfiguration, org.springframework.boot.test.autoconfigure.web.reactive.WebTestClientAutoConfiguration]], org.springframework.boot.test.context.filter.ExcludeFilterContextCustomizer@6399551e, org.springframework.boot.test.json.DuplicateJsonObjectContextCustomizerFactory$DuplicateJsonObjectContextCustomizer@5d5f10b2, org.springframework.boot.test.mock.mockito.MockitoContextCustomizer@0, org.springframework.boot.test.web.client.TestRestTemplateContextCustomizer@436bc36, org.springframework.boot.test.web.reactive.server.WebTestClientContextCustomizer@2a640157, org.springframework.boot.test.context.SpringBootTestArgs@1, org.springframework.boot.test.context.SpringBootTestWebEnvironment@378542de], resourceBasePath = 'src/main/webapp', contextLoader = 'org.springframework.boot.test.context.SpringBootContextLoader', parent = [null]], attributes = map['org.springframework.test.context.web.ServletTestExecutionListener.activateListener' -> false]], class annotated with @DirtiesContext [false] with mode [null].
23:49:43.796 [Test worker] DEBUG org.springframework.test.context.support.DependencyInjectionTestExecutionListener - Performing dependency injection for test context [[DefaultTestContext@44de94c3 testClass = CourseControllerIntgTest, testInstance = com.kotlinspring.controller.CourseControllerIntgTest@56078cea, testMethod = [null], testException = [null], mergedContextConfiguration = [WebMergedContextConfiguration@256aa5f2 testClass = CourseControllerIntgTest, locations = '{}', classes = '{class com.kotlinspring.CourseCatalogServiceApplication}', contextInitializerClasses = '[]', activeProfiles = '{test}', propertySourceLocations = '{}', propertySourceProperties = '{org.springframework.boot.test.context.SpringBootTestContextBootstrapper=true, server.port=0}', contextCustomizers = set[MockkContextCustomizer(definitions=[]), org.springframework.boot.test.autoconfigure.actuate.metrics.MetricsExportContextCustomizerFactory$DisableMetricExportContextCustomizer@5adb0db3, org.springframework.boot.test.autoconfigure.properties.PropertyMappingContextCustomizer@ec54a5c9, org.springframework.boot.test.autoconfigure.web.servlet.WebDriverContextCustomizerFactory$Customizer@79c7532f, [ImportsContextCustomizer@6411d3c8 key = [org.springframework.boot.autoconfigure.security.oauth2.client.reactive.ReactiveOAuth2ClientAutoConfiguration, org.springframework.boot.autoconfigure.security.oauth2.resource.reactive.ReactiveOAuth2ResourceServerAutoConfiguration, org.springframework.boot.autoconfigure.security.reactive.ReactiveSecurityAutoConfiguration, org.springframework.boot.autoconfigure.security.reactive.ReactiveUserDetailsServiceAutoConfiguration, org.springframework.boot.test.autoconfigure.web.reactive.WebTestClientAutoConfiguration]], org.springframework.boot.test.context.filter.ExcludeFilterContextCustomizer@6399551e, org.springframework.boot.test.json.DuplicateJsonObjectContextCustomizerFactory$DuplicateJsonObjectContextCustomizer@5d5f10b2, org.springframework.boot.test.mock.mockito.MockitoContextCustomizer@0, org.springframework.boot.test.web.client.TestRestTemplateContextCustomizer@436bc36, org.springframework.boot.test.web.reactive.server.WebTestClientContextCustomizer@2a640157, org.springframework.boot.test.context.SpringBootTestArgs@1, org.springframework.boot.test.context.SpringBootTestWebEnvironment@378542de], resourceBasePath = 'src/main/webapp', contextLoader = 'org.springframework.boot.test.context.SpringBootContextLoader', parent = [null]], attributes = map['org.springframework.test.context.web.ServletTestExecutionListener.activateListener' -> false, 'org.springframework.test.context.event.ApplicationEventsTestExecutionListener.recordApplicationEvents' -> false]]].

  .   ____          _            __ _ _
 /\\ / ___'_ __ _ _(_)_ __  __ _ \ \ \ \
( ( )\___ | '_ | '_| | '_ \/ _` | \ \ \ \
 \\/  ___)| |_)| | | | | || (_| |  ) ) ) )
  '  |____| .__|_| |_|_| |_\__, | / / / /
 =========|_|==============|___/=/_/_/_/
 :: Spring Boot ::                (v2.6.6)

2022-05-01 23:49:45.227  INFO 99475 --- [    Test worker] c.k.controller.CourseControllerIntgTest  : Starting CourseControllerIntgTest using Java 17.0.2 on Yihe-2.hitronhub.home with PID 99475 (started by Luke in /Users/Luke/Documents/GitHub/course-catalog-service)
2022-05-01 23:49:45.232  INFO 99475 --- [    Test worker] c.k.controller.CourseControllerIntgTest  : The following 1 profile is active: "test"
2022-05-01 23:49:47.932  INFO 99475 --- [    Test worker] .s.d.r.c.RepositoryConfigurationDelegate : Bootstrapping Spring Data JPA repositories in DEFAULT mode.
2022-05-01 23:49:48.716  INFO 99475 --- [    Test worker] .s.d.r.c.RepositoryConfigurationDelegate : Finished Spring Data repository scanning in 745 ms. Found 2 JPA repository interfaces.
2022-05-01 23:49:50.814  INFO 99475 --- [    Test worker] o.s.b.w.embedded.tomcat.TomcatWebServer  : Tomcat initialized with port(s): 0 (http)
2022-05-01 23:49:50.859  INFO 99475 --- [    Test worker] o.apache.catalina.core.StandardService   : Starting service [Tomcat]
2022-05-01 23:49:50.860  INFO 99475 --- [    Test worker] org.apache.catalina.core.StandardEngine  : Starting Servlet engine: [Apache Tomcat/9.0.60]
2022-05-01 23:49:51.310  INFO 99475 --- [    Test worker] o.a.c.c.C.[Tomcat].[localhost].[/]       : Initializing Spring embedded WebApplicationContext
2022-05-01 23:49:51.311  INFO 99475 --- [    Test worker] w.s.c.ServletWebServerApplicationContext : Root WebApplicationContext: initialization completed in 5997 ms
2022-05-01 23:49:51.424  INFO 99475 --- [    Test worker] com.zaxxer.hikari.HikariDataSource       : HikariPool-1 - Starting...
2022-05-01 23:49:52.201  INFO 99475 --- [    Test worker] com.zaxxer.hikari.HikariDataSource       : HikariPool-1 - Start completed.
2022-05-01 23:49:52.230  INFO 99475 --- [    Test worker] o.s.b.a.h2.H2ConsoleAutoConfiguration    : H2 console available at '/h2-console'. Database available at 'jdbc:h2:mem:testdb'
2022-05-01 23:49:52.948  INFO 99475 --- [    Test worker] o.hibernate.jpa.internal.util.LogHelper  : HHH000204: Processing PersistenceUnitInfo [name: default]
2022-05-01 23:49:53.243  INFO 99475 --- [    Test worker] org.hibernate.Version                    : HHH000412: Hibernate ORM core version 5.6.7.Final
2022-05-01 23:49:54.159  INFO 99475 --- [    Test worker] o.hibernate.annotations.common.Version   : HCANN000001: Hibernate Commons Annotations {5.1.2.Final}
2022-05-01 23:49:54.765  INFO 99475 --- [    Test worker] org.hibernate.dialect.Dialect            : HHH000400: Using dialect: org.hibernate.dialect.H2Dialect
Hibernate: drop table if exists courses CASCADE 
Hibernate: drop table if exists instructors CASCADE 
Hibernate: drop sequence if exists hibernate_sequence
Hibernate: create sequence hibernate_sequence start with 1 increment by 1
Hibernate: create table courses (id integer not null, category varchar(255), name varchar(255), instructor_id integer not null, primary key (id))
Hibernate: create table instructors (id integer not null, name varchar(255), primary key (id))
Hibernate: alter table courses add constraint FK1kswo6qqebbdy2kq0kx6udof7 foreign key (instructor_id) references instructors
2022-05-01 23:49:56.575  INFO 99475 --- [    Test worker] o.h.e.t.j.p.i.JtaPlatformInitiator       : HHH000490: Using JtaPlatform implementation: [org.hibernate.engine.transaction.jta.platform.internal.NoJtaPlatform]
2022-05-01 23:49:56.608  INFO 99475 --- [    Test worker] j.LocalContainerEntityManagerFactoryBean : Initialized JPA EntityManagerFactory for persistence unit 'default'
2022-05-01 23:49:58.559  WARN 99475 --- [    Test worker] JpaBaseConfiguration$JpaWebConfiguration : spring.jpa.open-in-view is enabled by default. Therefore, database queries may be performed during view rendering. Explicitly configure spring.jpa.open-in-view to disable this warning
2022-05-01 23:50:00.139  INFO 99475 --- [    Test worker] o.s.b.w.embedded.tomcat.TomcatWebServer  : Tomcat started on port(s): 56860 (http) with context path ''
2022-05-01 23:50:00.164  INFO 99475 --- [    Test worker] c.k.controller.CourseControllerIntgTest  : Started CourseControllerIntgTest in 16.23 seconds (JVM running for 22.358)
Hibernate: select course0_.id as id1_0_, course0_.category as category2_0_, course0_.instructor_id as instruct4_0_, course0_.name as name3_0_ from courses course0_
Hibernate: select instructor0_.id as id1_1_, instructor0_.name as name2_1_ from instructors instructor0_
Hibernate: call next value for hibernate_sequence
Hibernate: insert into instructors (name, id) values (?, ?)
Hibernate: call next value for hibernate_sequence
Hibernate: call next value for hibernate_sequence
Hibernate: call next value for hibernate_sequence
Hibernate: insert into courses (category, instructor_id, name, id) values (?, ?, ?, ?)
Hibernate: insert into courses (category, instructor_id, name, id) values (?, ?, ?, ?)
Hibernate: insert into courses (category, instructor_id, name, id) values (?, ?, ?, ?)
Hibernate: select instructor0_.id as id1_1_, instructor0_.name as name2_1_ from instructors instructor0_
2022-05-01 23:50:05.533  INFO 99475 --- [o-auto-1-exec-1] o.a.c.c.C.[Tomcat].[localhost].[/]       : Initializing Spring DispatcherServlet 'dispatcherServlet'
2022-05-01 23:50:05.534  INFO 99475 --- [o-auto-1-exec-1] o.s.web.servlet.DispatcherServlet        : Initializing Servlet 'dispatcherServlet'
2022-05-01 23:50:05.537  INFO 99475 --- [o-auto-1-exec-1] o.s.web.servlet.DispatcherServlet        : Completed initialization in 3 ms
Hibernate: select instructor0_.id as id1_1_0_, instructor0_.name as name2_1_0_ from instructors instructor0_ where instructor0_.id=?
Hibernate: call next value for hibernate_sequence
Hibernate: insert into courses (category, instructor_id, name, id) values (?, ?, ?, ?)
2022-05-01 23:50:06.097  INFO 99475 --- [o-auto-1-exec-1] com.kotlinspring.service.CourseService   : SAVED COURSE IS: Course(id=5, name='Build Restful APIs using SpringBoot and Kotlin', category='Dilip S', instructor=1)
]]></system-out>
  <system-err><![CDATA[]]></system-err>
</testsuite>
