<?xml version="1.0" encoding="UTF-8"?>
<testsuite name="com.kotlinspring.controller.CourseControllerIntgTest" tests="1" skipped="0" failures="0" errors="0" timestamp="2022-04-18T07:37:57" hostname="Yihe-2.hitronhub.home" time="8.226">
  <properties/>
  <testcase name="addCourse()" classname="com.kotlinspring.controller.CourseControllerIntgTest" time="8.226"/>
  <system-out><![CDATA[00:37:31.064 [Test worker] DEBUG org.springframework.test.context.BootstrapUtils - Instantiating CacheAwareContextLoaderDelegate from class [org.springframework.test.context.cache.DefaultCacheAwareContextLoaderDelegate]
00:37:31.186 [Test worker] DEBUG org.springframework.test.context.BootstrapUtils - Instantiating BootstrapContext using constructor [public org.springframework.test.context.support.DefaultBootstrapContext(java.lang.Class,org.springframework.test.context.CacheAwareContextLoaderDelegate)]
00:37:31.381 [Test worker] DEBUG org.springframework.test.context.BootstrapUtils - Instantiating TestContextBootstrapper for test class [com.kotlinspring.controller.CourseControllerIntgTest] from class [org.springframework.boot.test.context.SpringBootTestContextBootstrapper]
00:37:31.501 [Test worker] INFO org.springframework.boot.test.context.SpringBootTestContextBootstrapper - Neither @ContextConfiguration nor @ContextHierarchy found for test class [com.kotlinspring.controller.CourseControllerIntgTest], using SpringBootContextLoader
00:37:31.528 [Test worker] DEBUG org.springframework.test.context.support.AbstractContextLoader - Did not detect default resource location for test class [com.kotlinspring.controller.CourseControllerIntgTest]: class path resource [com/kotlinspring/controller/CourseControllerIntgTest-context.xml] does not exist
00:37:31.529 [Test worker] DEBUG org.springframework.test.context.support.AbstractContextLoader - Did not detect default resource location for test class [com.kotlinspring.controller.CourseControllerIntgTest]: class path resource [com/kotlinspring/controller/CourseControllerIntgTestContext.groovy] does not exist
00:37:31.532 [Test worker] INFO org.springframework.test.context.support.AbstractContextLoader - Could not detect default resource locations for test class [com.kotlinspring.controller.CourseControllerIntgTest]: no resource found for suffixes {-context.xml, Context.groovy}.
00:37:31.537 [Test worker] INFO org.springframework.test.context.support.AnnotationConfigContextLoaderUtils - Could not detect default configuration classes for test class [com.kotlinspring.controller.CourseControllerIntgTest]: CourseControllerIntgTest does not declare any static, non-private, non-final, nested classes annotated with @Configuration.
00:37:32.543 [Test worker] DEBUG org.springframework.context.annotation.ClassPathScanningCandidateComponentProvider - Identified candidate component class: file [/Users/Luke/Documents/GitHub/course-catalog-service/build/classes/kotlin/main/com/kotlinspring/CourseCatalogServiceApplication.class]
00:37:32.610 [Test worker] INFO org.springframework.boot.test.context.SpringBootTestContextBootstrapper - Found @SpringBootConfiguration com.kotlinspring.CourseCatalogServiceApplication for test class com.kotlinspring.controller.CourseControllerIntgTest
00:37:33.666 [Test worker] DEBUG org.springframework.boot.test.context.SpringBootTestContextBootstrapper - @TestExecutionListeners is not present for class [com.kotlinspring.controller.CourseControllerIntgTest]: using defaults.
00:37:33.668 [Test worker] INFO org.springframework.boot.test.context.SpringBootTestContextBootstrapper - Loaded default TestExecutionListener class names from location [META-INF/spring.factories]: [com.ninjasquad.springmockk.MockkTestExecutionListener, com.ninjasquad.springmockk.ClearMocksTestExecutionListener, org.springframework.boot.test.autoconfigure.restdocs.RestDocsTestExecutionListener, org.springframework.boot.test.autoconfigure.web.client.MockRestServiceServerResetTestExecutionListener, org.springframework.boot.test.autoconfigure.web.servlet.MockMvcPrintOnlyOnFailureTestExecutionListener, org.springframework.boot.test.autoconfigure.web.servlet.WebDriverTestExecutionListener, org.springframework.boot.test.autoconfigure.webservices.client.MockWebServiceServerTestExecutionListener, org.springframework.boot.test.mock.mockito.MockitoTestExecutionListener, org.springframework.boot.test.mock.mockito.ResetMocksTestExecutionListener, org.springframework.test.context.web.ServletTestExecutionListener, org.springframework.test.context.support.DirtiesContextBeforeModesTestExecutionListener, org.springframework.test.context.event.ApplicationEventsTestExecutionListener, org.springframework.test.context.support.DependencyInjectionTestExecutionListener, org.springframework.test.context.support.DirtiesContextTestExecutionListener, org.springframework.test.context.transaction.TransactionalTestExecutionListener, org.springframework.test.context.jdbc.SqlScriptsTestExecutionListener, org.springframework.test.context.event.EventPublishingTestExecutionListener]
00:37:37.510 [Test worker] INFO org.springframework.boot.test.context.SpringBootTestContextBootstrapper - Using TestExecutionListeners: [org.springframework.test.context.web.ServletTestExecutionListener@31e72cbc, org.springframework.test.context.support.DirtiesContextBeforeModesTestExecutionListener@5fad41be, org.springframework.test.context.event.ApplicationEventsTestExecutionListener@6dcd5639, com.ninjasquad.springmockk.MockkTestExecutionListener@3b36e000, org.springframework.boot.test.mock.mockito.MockitoTestExecutionListener@333cb916, org.springframework.boot.test.autoconfigure.SpringBootDependencyInjectionTestExecutionListener@629ae7e, org.springframework.test.context.support.DirtiesContextTestExecutionListener@1d25c1c, org.springframework.test.context.transaction.TransactionalTestExecutionListener@de88ac6, org.springframework.test.context.jdbc.SqlScriptsTestExecutionListener@5bca7664, org.springframework.test.context.event.EventPublishingTestExecutionListener@105b693d, com.ninjasquad.springmockk.ClearMocksTestExecutionListener@3fae596, org.springframework.boot.test.autoconfigure.restdocs.RestDocsTestExecutionListener@4a0df195, org.springframework.boot.test.autoconfigure.web.client.MockRestServiceServerResetTestExecutionListener@42fcc7e6, org.springframework.boot.test.autoconfigure.web.servlet.MockMvcPrintOnlyOnFailureTestExecutionListener@9255c05, org.springframework.boot.test.autoconfigure.web.servlet.WebDriverTestExecutionListener@5da7cee2, org.springframework.boot.test.autoconfigure.webservices.client.MockWebServiceServerTestExecutionListener@78830d9a, org.springframework.boot.test.mock.mockito.ResetMocksTestExecutionListener@5ce4369b]
00:37:37.542 [Test worker] DEBUG org.springframework.test.context.support.AbstractDirtiesContextTestExecutionListener - Before test class: context [DefaultTestContext@b18c4 testClass = CourseControllerIntgTest, testInstance = [null], testMethod = [null], testException = [null], mergedContextConfiguration = [WebMergedContextConfiguration@4cbf4f53 testClass = CourseControllerIntgTest, locations = '{}', classes = '{class com.kotlinspring.CourseCatalogServiceApplication}', contextInitializerClasses = '[]', activeProfiles = '{test}', propertySourceLocations = '{}', propertySourceProperties = '{org.springframework.boot.test.context.SpringBootTestContextBootstrapper=true, server.port=0}', contextCustomizers = set[MockkContextCustomizer(definitions=[]), org.springframework.boot.test.autoconfigure.actuate.metrics.MetricsExportContextCustomizerFactory$DisableMetricExportContextCustomizer@16ce702d, org.springframework.boot.test.autoconfigure.properties.PropertyMappingContextCustomizer@ec54a5c9, org.springframework.boot.test.autoconfigure.web.servlet.WebDriverContextCustomizerFactory$Customizer@3a0baae5, [ImportsContextCustomizer@597f48df key = [org.springframework.boot.autoconfigure.security.oauth2.client.reactive.ReactiveOAuth2ClientAutoConfiguration, org.springframework.boot.autoconfigure.security.oauth2.resource.reactive.ReactiveOAuth2ResourceServerAutoConfiguration, org.springframework.boot.autoconfigure.security.reactive.ReactiveSecurityAutoConfiguration, org.springframework.boot.autoconfigure.security.reactive.ReactiveUserDetailsServiceAutoConfiguration, org.springframework.boot.test.autoconfigure.web.reactive.WebTestClientAutoConfiguration]], org.springframework.boot.test.context.filter.ExcludeFilterContextCustomizer@17aad511, org.springframework.boot.test.json.DuplicateJsonObjectContextCustomizerFactory$DuplicateJsonObjectContextCustomizer@22bac7bc, org.springframework.boot.test.mock.mockito.MockitoContextCustomizer@0, org.springframework.boot.test.web.client.TestRestTemplateContextCustomizer@76884e4b, org.springframework.boot.test.web.reactive.server.WebTestClientContextCustomizer@6986bbaf, org.springframework.boot.test.context.SpringBootTestArgs@1, org.springframework.boot.test.context.SpringBootTestWebEnvironment@49dc7102], resourceBasePath = 'src/main/webapp', contextLoader = 'org.springframework.boot.test.context.SpringBootContextLoader', parent = [null]], attributes = map['org.springframework.test.context.web.ServletTestExecutionListener.activateListener' -> false]], class annotated with @DirtiesContext [false] with mode [null].
00:37:38.137 [Test worker] DEBUG org.springframework.test.context.support.DependencyInjectionTestExecutionListener - Performing dependency injection for test context [[DefaultTestContext@b18c4 testClass = CourseControllerIntgTest, testInstance = com.kotlinspring.controller.CourseControllerIntgTest@18ac53e8, testMethod = [null], testException = [null], mergedContextConfiguration = [WebMergedContextConfiguration@4cbf4f53 testClass = CourseControllerIntgTest, locations = '{}', classes = '{class com.kotlinspring.CourseCatalogServiceApplication}', contextInitializerClasses = '[]', activeProfiles = '{test}', propertySourceLocations = '{}', propertySourceProperties = '{org.springframework.boot.test.context.SpringBootTestContextBootstrapper=true, server.port=0}', contextCustomizers = set[MockkContextCustomizer(definitions=[]), org.springframework.boot.test.autoconfigure.actuate.metrics.MetricsExportContextCustomizerFactory$DisableMetricExportContextCustomizer@16ce702d, org.springframework.boot.test.autoconfigure.properties.PropertyMappingContextCustomizer@ec54a5c9, org.springframework.boot.test.autoconfigure.web.servlet.WebDriverContextCustomizerFactory$Customizer@3a0baae5, [ImportsContextCustomizer@597f48df key = [org.springframework.boot.autoconfigure.security.oauth2.client.reactive.ReactiveOAuth2ClientAutoConfiguration, org.springframework.boot.autoconfigure.security.oauth2.resource.reactive.ReactiveOAuth2ResourceServerAutoConfiguration, org.springframework.boot.autoconfigure.security.reactive.ReactiveSecurityAutoConfiguration, org.springframework.boot.autoconfigure.security.reactive.ReactiveUserDetailsServiceAutoConfiguration, org.springframework.boot.test.autoconfigure.web.reactive.WebTestClientAutoConfiguration]], org.springframework.boot.test.context.filter.ExcludeFilterContextCustomizer@17aad511, org.springframework.boot.test.json.DuplicateJsonObjectContextCustomizerFactory$DuplicateJsonObjectContextCustomizer@22bac7bc, org.springframework.boot.test.mock.mockito.MockitoContextCustomizer@0, org.springframework.boot.test.web.client.TestRestTemplateContextCustomizer@76884e4b, org.springframework.boot.test.web.reactive.server.WebTestClientContextCustomizer@6986bbaf, org.springframework.boot.test.context.SpringBootTestArgs@1, org.springframework.boot.test.context.SpringBootTestWebEnvironment@49dc7102], resourceBasePath = 'src/main/webapp', contextLoader = 'org.springframework.boot.test.context.SpringBootContextLoader', parent = [null]], attributes = map['org.springframework.test.context.web.ServletTestExecutionListener.activateListener' -> false, 'org.springframework.test.context.event.ApplicationEventsTestExecutionListener.recordApplicationEvents' -> false]]].

  .   ____          _            __ _ _
 /\\ / ___'_ __ _ _(_)_ __  __ _ \ \ \ \
( ( )\___ | '_ | '_| | '_ \/ _` | \ \ \ \
 \\/  ___)| |_)| | | | | || (_| |  ) ) ) )
  '  |____| .__|_| |_|_| |_\__, | / / / /
 =========|_|==============|___/=/_/_/_/
 :: Spring Boot ::                (v2.6.6)

2022-04-18 00:37:40.349  INFO 37258 --- [    Test worker] c.k.controller.CourseControllerIntgTest  : Starting CourseControllerIntgTest using Java 17.0.2 on Yihe-2.hitronhub.home with PID 37258 (started by Luke in /Users/Luke/Documents/GitHub/course-catalog-service)
2022-04-18 00:37:40.359  INFO 37258 --- [    Test worker] c.k.controller.CourseControllerIntgTest  : The following 1 profile is active: "test"
2022-04-18 00:37:43.320  INFO 37258 --- [    Test worker] .s.d.r.c.RepositoryConfigurationDelegate : Bootstrapping Spring Data JPA repositories in DEFAULT mode.
2022-04-18 00:37:44.239  INFO 37258 --- [    Test worker] .s.d.r.c.RepositoryConfigurationDelegate : Finished Spring Data repository scanning in 880 ms. Found 1 JPA repository interfaces.
2022-04-18 00:37:47.357  INFO 37258 --- [    Test worker] o.s.b.w.embedded.tomcat.TomcatWebServer  : Tomcat initialized with port(s): 0 (http)
2022-04-18 00:37:47.417  INFO 37258 --- [    Test worker] o.apache.catalina.core.StandardService   : Starting service [Tomcat]
2022-04-18 00:37:47.418  INFO 37258 --- [    Test worker] org.apache.catalina.core.StandardEngine  : Starting Servlet engine: [Apache Tomcat/9.0.60]
2022-04-18 00:37:47.982  INFO 37258 --- [    Test worker] o.a.c.c.C.[Tomcat].[localhost].[/]       : Initializing Spring embedded WebApplicationContext
2022-04-18 00:37:47.982  INFO 37258 --- [    Test worker] w.s.c.ServletWebServerApplicationContext : Root WebApplicationContext: initialization completed in 7380 ms
2022-04-18 00:37:48.124  INFO 37258 --- [    Test worker] com.zaxxer.hikari.HikariDataSource       : HikariPool-1 - Starting...
2022-04-18 00:37:48.682  INFO 37258 --- [    Test worker] com.zaxxer.hikari.HikariDataSource       : HikariPool-1 - Start completed.
2022-04-18 00:37:48.717  INFO 37258 --- [    Test worker] o.s.b.a.h2.H2ConsoleAutoConfiguration    : H2 console available at '/h2-console'. Database available at 'jdbc:h2:mem:testdb'
2022-04-18 00:37:49.518  INFO 37258 --- [    Test worker] o.hibernate.jpa.internal.util.LogHelper  : HHH000204: Processing PersistenceUnitInfo [name: default]
2022-04-18 00:37:49.794  INFO 37258 --- [    Test worker] org.hibernate.Version                    : HHH000412: Hibernate ORM core version 5.6.7.Final
2022-04-18 00:37:50.652  INFO 37258 --- [    Test worker] o.hibernate.annotations.common.Version   : HCANN000001: Hibernate Commons Annotations {5.1.2.Final}
2022-04-18 00:37:51.246  INFO 37258 --- [    Test worker] org.hibernate.dialect.Dialect            : HHH000400: Using dialect: org.hibernate.dialect.H2Dialect
Hibernate: drop table if exists courses CASCADE 
Hibernate: drop sequence if exists hibernate_sequence
Hibernate: create sequence hibernate_sequence start with 1 increment by 1
Hibernate: create table courses (id integer not null, category varchar(255), name varchar(255), primary key (id))
2022-04-18 00:37:53.100  INFO 37258 --- [    Test worker] o.h.e.t.j.p.i.JtaPlatformInitiator       : HHH000490: Using JtaPlatform implementation: [org.hibernate.engine.transaction.jta.platform.internal.NoJtaPlatform]
2022-04-18 00:37:53.129  INFO 37258 --- [    Test worker] j.LocalContainerEntityManagerFactoryBean : Initialized JPA EntityManagerFactory for persistence unit 'default'
2022-04-18 00:37:54.487  WARN 37258 --- [    Test worker] JpaBaseConfiguration$JpaWebConfiguration : spring.jpa.open-in-view is enabled by default. Therefore, database queries may be performed during view rendering. Explicitly configure spring.jpa.open-in-view to disable this warning
2022-04-18 00:37:56.669  INFO 37258 --- [    Test worker] o.s.b.w.embedded.tomcat.TomcatWebServer  : Tomcat started on port(s): 63792 (http) with context path ''
2022-04-18 00:37:56.691  INFO 37258 --- [    Test worker] c.k.controller.CourseControllerIntgTest  : Started CourseControllerIntgTest in 18.365 seconds (JVM running for 37.432)
2022-04-18 00:38:04.374  INFO 37258 --- [o-auto-1-exec-1] o.a.c.c.C.[Tomcat].[localhost].[/]       : Initializing Spring DispatcherServlet 'dispatcherServlet'
2022-04-18 00:38:04.376  INFO 37258 --- [o-auto-1-exec-1] o.s.web.servlet.DispatcherServlet        : Initializing Servlet 'dispatcherServlet'
2022-04-18 00:38:04.386  INFO 37258 --- [o-auto-1-exec-1] o.s.web.servlet.DispatcherServlet        : Completed initialization in 9 ms
Hibernate: call next value for hibernate_sequence
Hibernate: insert into courses (category, name, id) values (?, ?, ?)
2022-04-18 00:38:05.154  INFO 37258 --- [o-auto-1-exec-1] com.kotlinspring.service.CourseService   : SAVED COURSE IS: Course(id=1, name=Build Restful APIs using SpringBoot and Kotlin, category=Dilip S)
]]></system-out>
  <system-err><![CDATA[]]></system-err>
</testsuite>
