<?xml version="1.0" encoding="UTF-8"?>
<testsuite name="com.kotlinspring.controller.CourseControllerIntgTest" tests="1" skipped="0" failures="0" errors="0" timestamp="2022-04-20T06:23:02" hostname="Yihe-2.hitronhub.home" time="8.092">
  <properties/>
  <testcase name="updateCourse()" classname="com.kotlinspring.controller.CourseControllerIntgTest" time="8.092"/>
  <system-out><![CDATA[23:22:32.034 [Test worker] DEBUG org.springframework.test.context.BootstrapUtils - Instantiating CacheAwareContextLoaderDelegate from class [org.springframework.test.context.cache.DefaultCacheAwareContextLoaderDelegate]
23:22:32.097 [Test worker] DEBUG org.springframework.test.context.BootstrapUtils - Instantiating BootstrapContext using constructor [public org.springframework.test.context.support.DefaultBootstrapContext(java.lang.Class,org.springframework.test.context.CacheAwareContextLoaderDelegate)]
23:22:32.247 [Test worker] DEBUG org.springframework.test.context.BootstrapUtils - Instantiating TestContextBootstrapper for test class [com.kotlinspring.controller.CourseControllerIntgTest] from class [org.springframework.boot.test.context.SpringBootTestContextBootstrapper]
23:22:32.318 [Test worker] INFO org.springframework.boot.test.context.SpringBootTestContextBootstrapper - Neither @ContextConfiguration nor @ContextHierarchy found for test class [com.kotlinspring.controller.CourseControllerIntgTest], using SpringBootContextLoader
23:22:32.339 [Test worker] DEBUG org.springframework.test.context.support.AbstractContextLoader - Did not detect default resource location for test class [com.kotlinspring.controller.CourseControllerIntgTest]: class path resource [com/kotlinspring/controller/CourseControllerIntgTest-context.xml] does not exist
23:22:32.342 [Test worker] DEBUG org.springframework.test.context.support.AbstractContextLoader - Did not detect default resource location for test class [com.kotlinspring.controller.CourseControllerIntgTest]: class path resource [com/kotlinspring/controller/CourseControllerIntgTestContext.groovy] does not exist
23:22:32.343 [Test worker] INFO org.springframework.test.context.support.AbstractContextLoader - Could not detect default resource locations for test class [com.kotlinspring.controller.CourseControllerIntgTest]: no resource found for suffixes {-context.xml, Context.groovy}.
23:22:32.347 [Test worker] INFO org.springframework.test.context.support.AnnotationConfigContextLoaderUtils - Could not detect default configuration classes for test class [com.kotlinspring.controller.CourseControllerIntgTest]: CourseControllerIntgTest does not declare any static, non-private, non-final, nested classes annotated with @Configuration.
23:22:33.302 [Test worker] DEBUG org.springframework.context.annotation.ClassPathScanningCandidateComponentProvider - Identified candidate component class: file [/Users/Luke/Documents/GitHub/course-catalog-service/build/classes/kotlin/main/com/kotlinspring/CourseCatalogServiceApplication.class]
23:22:33.323 [Test worker] INFO org.springframework.boot.test.context.SpringBootTestContextBootstrapper - Found @SpringBootConfiguration com.kotlinspring.CourseCatalogServiceApplication for test class com.kotlinspring.controller.CourseControllerIntgTest
23:22:33.969 [Test worker] DEBUG org.springframework.boot.test.context.SpringBootTestContextBootstrapper - @TestExecutionListeners is not present for class [com.kotlinspring.controller.CourseControllerIntgTest]: using defaults.
23:22:33.970 [Test worker] INFO org.springframework.boot.test.context.SpringBootTestContextBootstrapper - Loaded default TestExecutionListener class names from location [META-INF/spring.factories]: [com.ninjasquad.springmockk.MockkTestExecutionListener, com.ninjasquad.springmockk.ClearMocksTestExecutionListener, org.springframework.boot.test.autoconfigure.restdocs.RestDocsTestExecutionListener, org.springframework.boot.test.autoconfigure.web.client.MockRestServiceServerResetTestExecutionListener, org.springframework.boot.test.autoconfigure.web.servlet.MockMvcPrintOnlyOnFailureTestExecutionListener, org.springframework.boot.test.autoconfigure.web.servlet.WebDriverTestExecutionListener, org.springframework.boot.test.autoconfigure.webservices.client.MockWebServiceServerTestExecutionListener, org.springframework.boot.test.mock.mockito.MockitoTestExecutionListener, org.springframework.boot.test.mock.mockito.ResetMocksTestExecutionListener, org.springframework.test.context.web.ServletTestExecutionListener, org.springframework.test.context.support.DirtiesContextBeforeModesTestExecutionListener, org.springframework.test.context.event.ApplicationEventsTestExecutionListener, org.springframework.test.context.support.DependencyInjectionTestExecutionListener, org.springframework.test.context.support.DirtiesContextTestExecutionListener, org.springframework.test.context.transaction.TransactionalTestExecutionListener, org.springframework.test.context.jdbc.SqlScriptsTestExecutionListener, org.springframework.test.context.event.EventPublishingTestExecutionListener]
23:22:36.038 [Test worker] INFO org.springframework.boot.test.context.SpringBootTestContextBootstrapper - Using TestExecutionListeners: [org.springframework.test.context.web.ServletTestExecutionListener@3047254d, org.springframework.test.context.support.DirtiesContextBeforeModesTestExecutionListener@6cf31447, org.springframework.test.context.event.ApplicationEventsTestExecutionListener@4e92466a, com.ninjasquad.springmockk.MockkTestExecutionListener@66e8997c, org.springframework.boot.test.mock.mockito.MockitoTestExecutionListener@6f0cb5a1, org.springframework.boot.test.autoconfigure.SpringBootDependencyInjectionTestExecutionListener@1b29d52b, org.springframework.test.context.support.DirtiesContextTestExecutionListener@47547132, org.springframework.test.context.transaction.TransactionalTestExecutionListener@655523dd, org.springframework.test.context.jdbc.SqlScriptsTestExecutionListener@6f7e336b, org.springframework.test.context.event.EventPublishingTestExecutionListener@3a2b2322, com.ninjasquad.springmockk.ClearMocksTestExecutionListener@5e1218b4, org.springframework.boot.test.autoconfigure.restdocs.RestDocsTestExecutionListener@12958360, org.springframework.boot.test.autoconfigure.web.client.MockRestServiceServerResetTestExecutionListener@c6e0f32, org.springframework.boot.test.autoconfigure.web.servlet.MockMvcPrintOnlyOnFailureTestExecutionListener@6f3f0fae, org.springframework.boot.test.autoconfigure.web.servlet.WebDriverTestExecutionListener@21a66d45, org.springframework.boot.test.autoconfigure.webservices.client.MockWebServiceServerTestExecutionListener@1f966492, org.springframework.boot.test.mock.mockito.ResetMocksTestExecutionListener@63fdffcd]
23:22:36.056 [Test worker] DEBUG org.springframework.test.context.support.AbstractDirtiesContextTestExecutionListener - Before test class: context [DefaultTestContext@51d143a1 testClass = CourseControllerIntgTest, testInstance = [null], testMethod = [null], testException = [null], mergedContextConfiguration = [WebMergedContextConfiguration@1a28aef1 testClass = CourseControllerIntgTest, locations = '{}', classes = '{class com.kotlinspring.CourseCatalogServiceApplication}', contextInitializerClasses = '[]', activeProfiles = '{test}', propertySourceLocations = '{}', propertySourceProperties = '{org.springframework.boot.test.context.SpringBootTestContextBootstrapper=true, server.port=0}', contextCustomizers = set[MockkContextCustomizer(definitions=[]), org.springframework.boot.test.autoconfigure.actuate.metrics.MetricsExportContextCustomizerFactory$DisableMetricExportContextCustomizer@691939c9, org.springframework.boot.test.autoconfigure.properties.PropertyMappingContextCustomizer@ec54a5c9, org.springframework.boot.test.autoconfigure.web.servlet.WebDriverContextCustomizerFactory$Customizer@487db668, [ImportsContextCustomizer@4647881c key = [org.springframework.boot.autoconfigure.security.oauth2.client.reactive.ReactiveOAuth2ClientAutoConfiguration, org.springframework.boot.autoconfigure.security.oauth2.resource.reactive.ReactiveOAuth2ResourceServerAutoConfiguration, org.springframework.boot.autoconfigure.security.reactive.ReactiveSecurityAutoConfiguration, org.springframework.boot.autoconfigure.security.reactive.ReactiveUserDetailsServiceAutoConfiguration, org.springframework.boot.test.autoconfigure.web.reactive.WebTestClientAutoConfiguration]], org.springframework.boot.test.context.filter.ExcludeFilterContextCustomizer@35f26e72, org.springframework.boot.test.json.DuplicateJsonObjectContextCustomizerFactory$DuplicateJsonObjectContextCustomizer@49c6c24f, org.springframework.boot.test.mock.mockito.MockitoContextCustomizer@0, org.springframework.boot.test.web.client.TestRestTemplateContextCustomizer@32193bea, org.springframework.boot.test.web.reactive.server.WebTestClientContextCustomizer@436bc36, org.springframework.boot.test.context.SpringBootTestArgs@1, org.springframework.boot.test.context.SpringBootTestWebEnvironment@62230c58], resourceBasePath = 'src/main/webapp', contextLoader = 'org.springframework.boot.test.context.SpringBootContextLoader', parent = [null]], attributes = map['org.springframework.test.context.web.ServletTestExecutionListener.activateListener' -> false]], class annotated with @DirtiesContext [false] with mode [null].
23:22:36.373 [Test worker] DEBUG org.springframework.test.context.support.DependencyInjectionTestExecutionListener - Performing dependency injection for test context [[DefaultTestContext@51d143a1 testClass = CourseControllerIntgTest, testInstance = com.kotlinspring.controller.CourseControllerIntgTest@aaee2a2, testMethod = [null], testException = [null], mergedContextConfiguration = [WebMergedContextConfiguration@1a28aef1 testClass = CourseControllerIntgTest, locations = '{}', classes = '{class com.kotlinspring.CourseCatalogServiceApplication}', contextInitializerClasses = '[]', activeProfiles = '{test}', propertySourceLocations = '{}', propertySourceProperties = '{org.springframework.boot.test.context.SpringBootTestContextBootstrapper=true, server.port=0}', contextCustomizers = set[MockkContextCustomizer(definitions=[]), org.springframework.boot.test.autoconfigure.actuate.metrics.MetricsExportContextCustomizerFactory$DisableMetricExportContextCustomizer@691939c9, org.springframework.boot.test.autoconfigure.properties.PropertyMappingContextCustomizer@ec54a5c9, org.springframework.boot.test.autoconfigure.web.servlet.WebDriverContextCustomizerFactory$Customizer@487db668, [ImportsContextCustomizer@4647881c key = [org.springframework.boot.autoconfigure.security.oauth2.client.reactive.ReactiveOAuth2ClientAutoConfiguration, org.springframework.boot.autoconfigure.security.oauth2.resource.reactive.ReactiveOAuth2ResourceServerAutoConfiguration, org.springframework.boot.autoconfigure.security.reactive.ReactiveSecurityAutoConfiguration, org.springframework.boot.autoconfigure.security.reactive.ReactiveUserDetailsServiceAutoConfiguration, org.springframework.boot.test.autoconfigure.web.reactive.WebTestClientAutoConfiguration]], org.springframework.boot.test.context.filter.ExcludeFilterContextCustomizer@35f26e72, org.springframework.boot.test.json.DuplicateJsonObjectContextCustomizerFactory$DuplicateJsonObjectContextCustomizer@49c6c24f, org.springframework.boot.test.mock.mockito.MockitoContextCustomizer@0, org.springframework.boot.test.web.client.TestRestTemplateContextCustomizer@32193bea, org.springframework.boot.test.web.reactive.server.WebTestClientContextCustomizer@436bc36, org.springframework.boot.test.context.SpringBootTestArgs@1, org.springframework.boot.test.context.SpringBootTestWebEnvironment@62230c58], resourceBasePath = 'src/main/webapp', contextLoader = 'org.springframework.boot.test.context.SpringBootContextLoader', parent = [null]], attributes = map['org.springframework.test.context.web.ServletTestExecutionListener.activateListener' -> false, 'org.springframework.test.context.event.ApplicationEventsTestExecutionListener.recordApplicationEvents' -> false]]].

  .   ____          _            __ _ _
 /\\ / ___'_ __ _ _(_)_ __  __ _ \ \ \ \
( ( )\___ | '_ | '_| | '_ \/ _` | \ \ \ \
 \\/  ___)| |_)| | | | | || (_| |  ) ) ) )
  '  |____| .__|_| |_|_| |_\__, | / / / /
 =========|_|==============|___/=/_/_/_/
 :: Spring Boot ::                (v2.6.6)

2022-04-19 23:22:38.025  INFO 25357 --- [    Test worker] c.k.controller.CourseControllerIntgTest  : Starting CourseControllerIntgTest using Java 17.0.2 on Yihe-2.hitronhub.home with PID 25357 (started by Luke in /Users/Luke/Documents/GitHub/course-catalog-service)
2022-04-19 23:22:38.033  INFO 25357 --- [    Test worker] c.k.controller.CourseControllerIntgTest  : The following 1 profile is active: "test"
2022-04-19 23:22:41.386  INFO 25357 --- [    Test worker] .s.d.r.c.RepositoryConfigurationDelegate : Bootstrapping Spring Data JPA repositories in DEFAULT mode.
2022-04-19 23:22:43.071  INFO 25357 --- [    Test worker] .s.d.r.c.RepositoryConfigurationDelegate : Finished Spring Data repository scanning in 1613 ms. Found 1 JPA repository interfaces.
2022-04-19 23:22:49.334  INFO 25357 --- [    Test worker] o.s.b.w.embedded.tomcat.TomcatWebServer  : Tomcat initialized with port(s): 0 (http)
2022-04-19 23:22:49.426  INFO 25357 --- [    Test worker] o.apache.catalina.core.StandardService   : Starting service [Tomcat]
2022-04-19 23:22:49.431  INFO 25357 --- [    Test worker] org.apache.catalina.core.StandardEngine  : Starting Servlet engine: [Apache Tomcat/9.0.60]
2022-04-19 23:22:50.424  INFO 25357 --- [    Test worker] o.a.c.c.C.[Tomcat].[localhost].[/]       : Initializing Spring embedded WebApplicationContext
2022-04-19 23:22:50.426  INFO 25357 --- [    Test worker] w.s.c.ServletWebServerApplicationContext : Root WebApplicationContext: initialization completed in 12313 ms
2022-04-19 23:22:50.740  INFO 25357 --- [    Test worker] com.zaxxer.hikari.HikariDataSource       : HikariPool-1 - Starting...
2022-04-19 23:22:51.719  INFO 25357 --- [    Test worker] com.zaxxer.hikari.HikariDataSource       : HikariPool-1 - Start completed.
2022-04-19 23:22:51.761  INFO 25357 --- [    Test worker] o.s.b.a.h2.H2ConsoleAutoConfiguration    : H2 console available at '/h2-console'. Database available at 'jdbc:h2:mem:testdb'
2022-04-19 23:22:52.812  INFO 25357 --- [    Test worker] o.hibernate.jpa.internal.util.LogHelper  : HHH000204: Processing PersistenceUnitInfo [name: default]
2022-04-19 23:22:53.632  INFO 25357 --- [    Test worker] org.hibernate.Version                    : HHH000412: Hibernate ORM core version 5.6.7.Final
2022-04-19 23:22:54.683  INFO 25357 --- [    Test worker] o.hibernate.annotations.common.Version   : HCANN000001: Hibernate Commons Annotations {5.1.2.Final}
2022-04-19 23:22:55.419  INFO 25357 --- [    Test worker] org.hibernate.dialect.Dialect            : HHH000400: Using dialect: org.hibernate.dialect.H2Dialect
Hibernate: drop table if exists courses CASCADE 
Hibernate: drop sequence if exists hibernate_sequence
Hibernate: create sequence hibernate_sequence start with 1 increment by 1
Hibernate: create table courses (id integer not null, category varchar(255), name varchar(255), primary key (id))
2022-04-19 23:22:58.034  INFO 25357 --- [    Test worker] o.h.e.t.j.p.i.JtaPlatformInitiator       : HHH000490: Using JtaPlatform implementation: [org.hibernate.engine.transaction.jta.platform.internal.NoJtaPlatform]
2022-04-19 23:22:58.071  INFO 25357 --- [    Test worker] j.LocalContainerEntityManagerFactoryBean : Initialized JPA EntityManagerFactory for persistence unit 'default'
2022-04-19 23:22:59.660  WARN 25357 --- [    Test worker] JpaBaseConfiguration$JpaWebConfiguration : spring.jpa.open-in-view is enabled by default. Therefore, database queries may be performed during view rendering. Explicitly configure spring.jpa.open-in-view to disable this warning
2022-04-19 23:23:01.741  INFO 25357 --- [    Test worker] o.s.b.w.embedded.tomcat.TomcatWebServer  : Tomcat started on port(s): 52862 (http) with context path ''
2022-04-19 23:23:01.770  INFO 25357 --- [    Test worker] c.k.controller.CourseControllerIntgTest  : Started CourseControllerIntgTest in 25.254 seconds (JVM running for 35.595)
Hibernate: select course0_.id as id1_0_, course0_.category as category2_0_, course0_.name as name3_0_ from courses course0_
Hibernate: call next value for hibernate_sequence
Hibernate: call next value for hibernate_sequence
Hibernate: call next value for hibernate_sequence
Hibernate: insert into courses (category, name, id) values (?, ?, ?)
Hibernate: insert into courses (category, name, id) values (?, ?, ?)
Hibernate: insert into courses (category, name, id) values (?, ?, ?)
Hibernate: call next value for hibernate_sequence
Hibernate: insert into courses (category, name, id) values (?, ?, ?)
2022-04-19 23:23:09.884  INFO 25357 --- [o-auto-1-exec-1] o.a.c.c.C.[Tomcat].[localhost].[/]       : Initializing Spring DispatcherServlet 'dispatcherServlet'
2022-04-19 23:23:09.885  INFO 25357 --- [o-auto-1-exec-1] o.s.web.servlet.DispatcherServlet        : Initializing Servlet 'dispatcherServlet'
2022-04-19 23:23:09.887  INFO 25357 --- [o-auto-1-exec-1] o.s.web.servlet.DispatcherServlet        : Completed initialization in 2 ms
Hibernate: select course0_.id as id1_0_0_, course0_.category as category2_0_0_, course0_.name as name3_0_0_ from courses course0_ where course0_.id=?
Hibernate: update courses set category=?, name=? where id=?
]]></system-out>
  <system-err><![CDATA[]]></system-err>
</testsuite>
