<?xml version="1.0" encoding="UTF-8"?>
<testsuite name="com.kotlinspring.controller.CourseControllerIntgTest" tests="1" skipped="0" failures="0" errors="0" timestamp="2022-05-01T08:32:52" hostname="Yihe-2.hitronhub.home" time="5.178">
  <properties/>
  <testcase name="retrieveAllCourses_Byname()" classname="com.kotlinspring.controller.CourseControllerIntgTest" time="5.178"/>
  <system-out><![CDATA[01:32:30.576 [Test worker] DEBUG org.springframework.test.context.BootstrapUtils - Instantiating CacheAwareContextLoaderDelegate from class [org.springframework.test.context.cache.DefaultCacheAwareContextLoaderDelegate]
01:32:30.623 [Test worker] DEBUG org.springframework.test.context.BootstrapUtils - Instantiating BootstrapContext using constructor [public org.springframework.test.context.support.DefaultBootstrapContext(java.lang.Class,org.springframework.test.context.CacheAwareContextLoaderDelegate)]
01:32:30.757 [Test worker] DEBUG org.springframework.test.context.BootstrapUtils - Instantiating TestContextBootstrapper for test class [com.kotlinspring.controller.CourseControllerIntgTest] from class [org.springframework.boot.test.context.SpringBootTestContextBootstrapper]
01:32:30.816 [Test worker] INFO org.springframework.boot.test.context.SpringBootTestContextBootstrapper - Neither @ContextConfiguration nor @ContextHierarchy found for test class [com.kotlinspring.controller.CourseControllerIntgTest], using SpringBootContextLoader
01:32:30.840 [Test worker] DEBUG org.springframework.test.context.support.AbstractContextLoader - Did not detect default resource location for test class [com.kotlinspring.controller.CourseControllerIntgTest]: class path resource [com/kotlinspring/controller/CourseControllerIntgTest-context.xml] does not exist
01:32:30.841 [Test worker] DEBUG org.springframework.test.context.support.AbstractContextLoader - Did not detect default resource location for test class [com.kotlinspring.controller.CourseControllerIntgTest]: class path resource [com/kotlinspring/controller/CourseControllerIntgTestContext.groovy] does not exist
01:32:30.842 [Test worker] INFO org.springframework.test.context.support.AbstractContextLoader - Could not detect default resource locations for test class [com.kotlinspring.controller.CourseControllerIntgTest]: no resource found for suffixes {-context.xml, Context.groovy}.
01:32:30.844 [Test worker] INFO org.springframework.test.context.support.AnnotationConfigContextLoaderUtils - Could not detect default configuration classes for test class [com.kotlinspring.controller.CourseControllerIntgTest]: CourseControllerIntgTest does not declare any static, non-private, non-final, nested classes annotated with @Configuration.
01:32:31.438 [Test worker] DEBUG org.springframework.context.annotation.ClassPathScanningCandidateComponentProvider - Identified candidate component class: file [/Users/Luke/Documents/GitHub/course-catalog-service/build/classes/kotlin/main/com/kotlinspring/CourseCatalogServiceApplication.class]
01:32:31.443 [Test worker] INFO org.springframework.boot.test.context.SpringBootTestContextBootstrapper - Found @SpringBootConfiguration com.kotlinspring.CourseCatalogServiceApplication for test class com.kotlinspring.controller.CourseControllerIntgTest
01:32:31.993 [Test worker] DEBUG org.springframework.boot.test.context.SpringBootTestContextBootstrapper - @TestExecutionListeners is not present for class [com.kotlinspring.controller.CourseControllerIntgTest]: using defaults.
01:32:31.994 [Test worker] INFO org.springframework.boot.test.context.SpringBootTestContextBootstrapper - Loaded default TestExecutionListener class names from location [META-INF/spring.factories]: [com.ninjasquad.springmockk.MockkTestExecutionListener, com.ninjasquad.springmockk.ClearMocksTestExecutionListener, org.springframework.boot.test.autoconfigure.restdocs.RestDocsTestExecutionListener, org.springframework.boot.test.autoconfigure.web.client.MockRestServiceServerResetTestExecutionListener, org.springframework.boot.test.autoconfigure.web.servlet.MockMvcPrintOnlyOnFailureTestExecutionListener, org.springframework.boot.test.autoconfigure.web.servlet.WebDriverTestExecutionListener, org.springframework.boot.test.autoconfigure.webservices.client.MockWebServiceServerTestExecutionListener, org.springframework.boot.test.mock.mockito.MockitoTestExecutionListener, org.springframework.boot.test.mock.mockito.ResetMocksTestExecutionListener, org.springframework.test.context.web.ServletTestExecutionListener, org.springframework.test.context.support.DirtiesContextBeforeModesTestExecutionListener, org.springframework.test.context.event.ApplicationEventsTestExecutionListener, org.springframework.test.context.support.DependencyInjectionTestExecutionListener, org.springframework.test.context.support.DirtiesContextTestExecutionListener, org.springframework.test.context.transaction.TransactionalTestExecutionListener, org.springframework.test.context.jdbc.SqlScriptsTestExecutionListener, org.springframework.test.context.event.EventPublishingTestExecutionListener]
01:32:34.080 [Test worker] INFO org.springframework.boot.test.context.SpringBootTestContextBootstrapper - Using TestExecutionListeners: [org.springframework.test.context.web.ServletTestExecutionListener@21a66d45, org.springframework.test.context.support.DirtiesContextBeforeModesTestExecutionListener@1f966492, org.springframework.test.context.event.ApplicationEventsTestExecutionListener@63fdffcd, com.ninjasquad.springmockk.MockkTestExecutionListener@7428de63, org.springframework.boot.test.mock.mockito.MockitoTestExecutionListener@66f659e6, org.springframework.boot.test.autoconfigure.SpringBootDependencyInjectionTestExecutionListener@4a68135e, org.springframework.test.context.support.DirtiesContextTestExecutionListener@46678e49, org.springframework.test.context.transaction.TransactionalTestExecutionListener@748e9b20, org.springframework.test.context.jdbc.SqlScriptsTestExecutionListener@2063c53e, org.springframework.test.context.event.EventPublishingTestExecutionListener@2a9bc08f, com.ninjasquad.springmockk.ClearMocksTestExecutionListener@50f40653, org.springframework.boot.test.autoconfigure.restdocs.RestDocsTestExecutionListener@50a3d0f6, org.springframework.boot.test.autoconfigure.web.client.MockRestServiceServerResetTestExecutionListener@6e57b5e9, org.springframework.boot.test.autoconfigure.web.servlet.MockMvcPrintOnlyOnFailureTestExecutionListener@1abc9f14, org.springframework.boot.test.autoconfigure.web.servlet.WebDriverTestExecutionListener@6a0ac48e, org.springframework.boot.test.autoconfigure.webservices.client.MockWebServiceServerTestExecutionListener@24e08d59, org.springframework.boot.test.mock.mockito.ResetMocksTestExecutionListener@77cb9cd1]
01:32:34.119 [Test worker] DEBUG org.springframework.test.context.support.AbstractDirtiesContextTestExecutionListener - Before test class: context [DefaultTestContext@7bb35cc6 testClass = CourseControllerIntgTest, testInstance = [null], testMethod = [null], testException = [null], mergedContextConfiguration = [WebMergedContextConfiguration@203c20cf testClass = CourseControllerIntgTest, locations = '{}', classes = '{class com.kotlinspring.CourseCatalogServiceApplication}', contextInitializerClasses = '[]', activeProfiles = '{test}', propertySourceLocations = '{}', propertySourceProperties = '{org.springframework.boot.test.context.SpringBootTestContextBootstrapper=true, server.port=0}', contextCustomizers = set[MockkContextCustomizer(definitions=[]), org.springframework.boot.test.autoconfigure.actuate.metrics.MetricsExportContextCustomizerFactory$DisableMetricExportContextCustomizer@71529963, org.springframework.boot.test.autoconfigure.properties.PropertyMappingContextCustomizer@ec54a5c9, org.springframework.boot.test.autoconfigure.web.servlet.WebDriverContextCustomizerFactory$Customizer@4612b856, [ImportsContextCustomizer@2a1debfa key = [org.springframework.boot.autoconfigure.security.oauth2.client.reactive.ReactiveOAuth2ClientAutoConfiguration, org.springframework.boot.autoconfigure.security.oauth2.resource.reactive.ReactiveOAuth2ResourceServerAutoConfiguration, org.springframework.boot.autoconfigure.security.reactive.ReactiveSecurityAutoConfiguration, org.springframework.boot.autoconfigure.security.reactive.ReactiveUserDetailsServiceAutoConfiguration, org.springframework.boot.test.autoconfigure.web.reactive.WebTestClientAutoConfiguration]], org.springframework.boot.test.context.filter.ExcludeFilterContextCustomizer@6fe1b4fb, org.springframework.boot.test.json.DuplicateJsonObjectContextCustomizerFactory$DuplicateJsonObjectContextCustomizer@6399551e, org.springframework.boot.test.mock.mockito.MockitoContextCustomizer@0, org.springframework.boot.test.web.client.TestRestTemplateContextCustomizer@ebaa6cb, org.springframework.boot.test.web.reactive.server.WebTestClientContextCustomizer@66fdec9, org.springframework.boot.test.context.SpringBootTestArgs@1, org.springframework.boot.test.context.SpringBootTestWebEnvironment@2e55dd0c], resourceBasePath = 'src/main/webapp', contextLoader = 'org.springframework.boot.test.context.SpringBootContextLoader', parent = [null]], attributes = map['org.springframework.test.context.web.ServletTestExecutionListener.activateListener' -> false]], class annotated with @DirtiesContext [false] with mode [null].
01:32:34.791 [Test worker] DEBUG org.springframework.test.context.support.DependencyInjectionTestExecutionListener - Performing dependency injection for test context [[DefaultTestContext@7bb35cc6 testClass = CourseControllerIntgTest, testInstance = com.kotlinspring.controller.CourseControllerIntgTest@63bde6c2, testMethod = [null], testException = [null], mergedContextConfiguration = [WebMergedContextConfiguration@203c20cf testClass = CourseControllerIntgTest, locations = '{}', classes = '{class com.kotlinspring.CourseCatalogServiceApplication}', contextInitializerClasses = '[]', activeProfiles = '{test}', propertySourceLocations = '{}', propertySourceProperties = '{org.springframework.boot.test.context.SpringBootTestContextBootstrapper=true, server.port=0}', contextCustomizers = set[MockkContextCustomizer(definitions=[]), org.springframework.boot.test.autoconfigure.actuate.metrics.MetricsExportContextCustomizerFactory$DisableMetricExportContextCustomizer@71529963, org.springframework.boot.test.autoconfigure.properties.PropertyMappingContextCustomizer@ec54a5c9, org.springframework.boot.test.autoconfigure.web.servlet.WebDriverContextCustomizerFactory$Customizer@4612b856, [ImportsContextCustomizer@2a1debfa key = [org.springframework.boot.autoconfigure.security.oauth2.client.reactive.ReactiveOAuth2ClientAutoConfiguration, org.springframework.boot.autoconfigure.security.oauth2.resource.reactive.ReactiveOAuth2ResourceServerAutoConfiguration, org.springframework.boot.autoconfigure.security.reactive.ReactiveSecurityAutoConfiguration, org.springframework.boot.autoconfigure.security.reactive.ReactiveUserDetailsServiceAutoConfiguration, org.springframework.boot.test.autoconfigure.web.reactive.WebTestClientAutoConfiguration]], org.springframework.boot.test.context.filter.ExcludeFilterContextCustomizer@6fe1b4fb, org.springframework.boot.test.json.DuplicateJsonObjectContextCustomizerFactory$DuplicateJsonObjectContextCustomizer@6399551e, org.springframework.boot.test.mock.mockito.MockitoContextCustomizer@0, org.springframework.boot.test.web.client.TestRestTemplateContextCustomizer@ebaa6cb, org.springframework.boot.test.web.reactive.server.WebTestClientContextCustomizer@66fdec9, org.springframework.boot.test.context.SpringBootTestArgs@1, org.springframework.boot.test.context.SpringBootTestWebEnvironment@2e55dd0c], resourceBasePath = 'src/main/webapp', contextLoader = 'org.springframework.boot.test.context.SpringBootContextLoader', parent = [null]], attributes = map['org.springframework.test.context.web.ServletTestExecutionListener.activateListener' -> false, 'org.springframework.test.context.event.ApplicationEventsTestExecutionListener.recordApplicationEvents' -> false]]].

  .   ____          _            __ _ _
 /\\ / ___'_ __ _ _(_)_ __  __ _ \ \ \ \
( ( )\___ | '_ | '_| | '_ \/ _` | \ \ \ \
 \\/  ___)| |_)| | | | | || (_| |  ) ) ) )
  '  |____| .__|_| |_|_| |_\__, | / / / /
 =========|_|==============|___/=/_/_/_/
 :: Spring Boot ::                (v2.6.6)

2022-05-01 01:32:37.197  INFO 44371 --- [    Test worker] c.k.controller.CourseControllerIntgTest  : Starting CourseControllerIntgTest using Java 17.0.2 on Yihe-2.hitronhub.home with PID 44371 (started by Luke in /Users/Luke/Documents/GitHub/course-catalog-service)
2022-05-01 01:32:37.205  INFO 44371 --- [    Test worker] c.k.controller.CourseControllerIntgTest  : The following 1 profile is active: "test"
2022-05-01 01:32:40.098  INFO 44371 --- [    Test worker] .s.d.r.c.RepositoryConfigurationDelegate : Bootstrapping Spring Data JPA repositories in DEFAULT mode.
2022-05-01 01:32:40.969  INFO 44371 --- [    Test worker] .s.d.r.c.RepositoryConfigurationDelegate : Finished Spring Data repository scanning in 833 ms. Found 1 JPA repository interfaces.
2022-05-01 01:32:43.018  INFO 44371 --- [    Test worker] o.s.b.w.embedded.tomcat.TomcatWebServer  : Tomcat initialized with port(s): 0 (http)
2022-05-01 01:32:43.079  INFO 44371 --- [    Test worker] o.apache.catalina.core.StandardService   : Starting service [Tomcat]
2022-05-01 01:32:43.081  INFO 44371 --- [    Test worker] org.apache.catalina.core.StandardEngine  : Starting Servlet engine: [Apache Tomcat/9.0.60]
2022-05-01 01:32:43.404  INFO 44371 --- [    Test worker] o.a.c.c.C.[Tomcat].[localhost].[/]       : Initializing Spring embedded WebApplicationContext
2022-05-01 01:32:43.405  INFO 44371 --- [    Test worker] w.s.c.ServletWebServerApplicationContext : Root WebApplicationContext: initialization completed in 6086 ms
2022-05-01 01:32:43.510  INFO 44371 --- [    Test worker] com.zaxxer.hikari.HikariDataSource       : HikariPool-1 - Starting...
2022-05-01 01:32:44.278  INFO 44371 --- [    Test worker] com.zaxxer.hikari.HikariDataSource       : HikariPool-1 - Start completed.
2022-05-01 01:32:44.313  INFO 44371 --- [    Test worker] o.s.b.a.h2.H2ConsoleAutoConfiguration    : H2 console available at '/h2-console'. Database available at 'jdbc:h2:mem:testdb'
2022-05-01 01:32:44.981  INFO 44371 --- [    Test worker] o.hibernate.jpa.internal.util.LogHelper  : HHH000204: Processing PersistenceUnitInfo [name: default]
2022-05-01 01:32:45.273  INFO 44371 --- [    Test worker] org.hibernate.Version                    : HHH000412: Hibernate ORM core version 5.6.7.Final
2022-05-01 01:32:46.226  INFO 44371 --- [    Test worker] o.hibernate.annotations.common.Version   : HCANN000001: Hibernate Commons Annotations {5.1.2.Final}
2022-05-01 01:32:46.794  INFO 44371 --- [    Test worker] org.hibernate.dialect.Dialect            : HHH000400: Using dialect: org.hibernate.dialect.H2Dialect
Hibernate: drop table if exists courses CASCADE 
Hibernate: drop sequence if exists hibernate_sequence
Hibernate: create sequence hibernate_sequence start with 1 increment by 1
Hibernate: create table courses (id integer not null, category varchar(255), name varchar(255), primary key (id))
2022-05-01 01:32:48.525  INFO 44371 --- [    Test worker] o.h.e.t.j.p.i.JtaPlatformInitiator       : HHH000490: Using JtaPlatform implementation: [org.hibernate.engine.transaction.jta.platform.internal.NoJtaPlatform]
2022-05-01 01:32:48.545  INFO 44371 --- [    Test worker] j.LocalContainerEntityManagerFactoryBean : Initialized JPA EntityManagerFactory for persistence unit 'default'
2022-05-01 01:32:50.634  WARN 44371 --- [    Test worker] JpaBaseConfiguration$JpaWebConfiguration : spring.jpa.open-in-view is enabled by default. Therefore, database queries may be performed during view rendering. Explicitly configure spring.jpa.open-in-view to disable this warning
2022-05-01 01:32:52.314  INFO 44371 --- [    Test worker] o.s.b.w.embedded.tomcat.TomcatWebServer  : Tomcat started on port(s): 53291 (http) with context path ''
2022-05-01 01:32:52.332  INFO 44371 --- [    Test worker] c.k.controller.CourseControllerIntgTest  : Started CourseControllerIntgTest in 17.264 seconds (JVM running for 28.816)
Hibernate: select course0_.id as id1_0_, course0_.category as category2_0_, course0_.name as name3_0_ from courses course0_
Hibernate: call next value for hibernate_sequence
Hibernate: call next value for hibernate_sequence
Hibernate: call next value for hibernate_sequence
Hibernate: insert into courses (category, name, id) values (?, ?, ?)
Hibernate: insert into courses (category, name, id) values (?, ?, ?)
Hibernate: insert into courses (category, name, id) values (?, ?, ?)
2022-05-01 01:32:57.044  INFO 44371 --- [o-auto-1-exec-1] o.a.c.c.C.[Tomcat].[localhost].[/]       : Initializing Spring DispatcherServlet 'dispatcherServlet'
2022-05-01 01:32:57.045  INFO 44371 --- [o-auto-1-exec-1] o.s.web.servlet.DispatcherServlet        : Initializing Servlet 'dispatcherServlet'
2022-05-01 01:32:57.049  INFO 44371 --- [o-auto-1-exec-1] o.s.web.servlet.DispatcherServlet        : Completed initialization in 3 ms
Hibernate: SELECT * FROM COURSES where name like ?
]]></system-out>
  <system-err><![CDATA[]]></system-err>
</testsuite>
